2025-06-06 08:20:23,887 - INFO - [1/86] 开始更新：贵州茅台(sh600519)
2025-06-06 08:20:23,888 - INFO - 正在获取贵州茅台(sh600519)的日线数据...
2025-06-06 08:20:24,813 - INFO - 正在获取贵州茅台(sh600519)的MACD指标...
2025-06-06 08:20:24,925 - WARNING - 获取sh600519的MACD指标失败，将使用基本数据：请指定正确的接口名
2025-06-06 08:20:26,932 - INFO - [2/86] 开始更新：工商银行(sh601398)
2025-06-06 08:20:26,932 - INFO - 正在获取工商银行(sh601398)的日线数据...
2025-06-06 08:20:27,034 - INFO - 正在获取工商银行(sh601398)的MACD指标...
2025-06-06 08:20:27,120 - WARNING - 获取sh601398的MACD指标失败，将使用基本数据：请指定正确的接口名
2025-06-06 08:20:29,125 - INFO - [3/86] 开始更新：宁德时代(sz300750)
2025-06-06 08:20:29,126 - INFO - 正在获取宁德时代(sz300750)的日线数据...
2025-06-06 08:20:29,294 - INFO - 正在获取宁德时代(sz300750)的MACD指标...
2025-06-06 08:20:29,384 - WARNING - 获取sz300750的MACD指标失败，将使用基本数据：请指定正确的接口名
2025-06-06 08:20:31,389 - INFO - [4/86] 开始更新：招商银行(sh600036)
2025-06-06 08:20:31,389 - INFO - 正在获取招商银行(sh600036)的日线数据...
2025-06-06 08:20:31,540 - INFO - 正在获取招商银行(sh600036)的MACD指标...
2025-06-06 08:20:31,642 - WARNING - 获取sh600036的MACD指标失败，将使用基本数据：请指定正确的接口名
2025-06-06 08:20:33,647 - INFO - [5/86] 开始更新：中国移动(sh600941)
2025-06-06 08:20:33,647 - INFO - 正在获取中国移动(sh600941)的日线数据...
2025-06-06 08:20:33,787 - INFO - 正在获取中国移动(sh600941)的MACD指标...
2025-06-06 08:20:33,849 - WARNING - 获取sh600941的MACD指标失败，将使用基本数据：请指定正确的接口名
2025-06-06 08:20:35,854 - INFO - [6/86] 开始更新：中国石油(sh601857)
2025-06-06 08:20:35,854 - INFO - 正在获取中国石油(sh601857)的日线数据...
2025-06-06 08:20:36,021 - INFO - 正在获取中国石油(sh601857)的MACD指标...
2025-06-06 08:20:36,106 - WARNING - 获取sh601857的MACD指标失败，将使用基本数据：请指定正确的接口名
2025-06-06 08:20:38,112 - INFO - [7/86] 开始更新：农业银行(sh601288)
2025-06-06 08:20:38,112 - INFO - 正在获取农业银行(sh601288)的日线数据...
2025-06-06 08:20:38,296 - INFO - 正在获取农业银行(sh601288)的MACD指标...
2025-06-06 08:20:38,401 - WARNING - 获取sh601288的MACD指标失败，将使用基本数据：请指定正确的接口名
2025-06-06 08:20:40,405 - INFO - [8/86] 开始更新：中国银行(sh601988)
2025-06-06 08:20:40,405 - INFO - 正在获取中国银行(sh601988)的日线数据...
2025-06-06 08:20:40,521 - INFO - 正在获取中国银行(sh601988)的MACD指标...
2025-06-06 08:20:40,619 - WARNING - 获取sh601988的MACD指标失败，将使用基本数据：请指定正确的接口名
2025-06-06 08:20:42,623 - INFO - [9/86] 开始更新：中国平安(sh601318)
2025-06-06 08:20:42,624 - INFO - 正在获取中国平安(sh601318)的日线数据...
2025-06-06 08:20:42,784 - INFO - 正在获取中国平安(sh601318)的MACD指标...
2025-06-06 08:20:42,869 - WARNING - 获取sh601318的MACD指标失败，将使用基本数据：请指定正确的接口名
2025-06-06 08:20:44,874 - INFO - [10/86] 开始更新：五粮液(sz000858)
2025-06-06 08:20:44,874 - INFO - 正在获取五粮液(sz000858)的日线数据...
2025-06-06 08:20:44,996 - INFO - 正在获取五粮液(sz000858)的MACD指标...
2025-06-06 08:20:45,087 - WARNING - 获取sz000858的MACD指标失败，将使用基本数据：请指定正确的接口名
2025-06-06 08:20:47,091 - INFO - [11/86] 开始更新：隆基绿能(sh601012)
2025-06-06 08:20:47,092 - INFO - 正在获取隆基绿能(sh601012)的日线数据...
2025-06-06 08:20:47,230 - INFO - 正在获取隆基绿能(sh601012)的MACD指标...
2025-06-06 08:20:47,324 - WARNING - 获取sh601012的MACD指标失败，将使用基本数据：请指定正确的接口名
2025-06-06 08:20:49,329 - INFO - [12/86] 开始更新：比亚迪(sz002594)
2025-06-06 08:20:49,329 - INFO - 正在获取比亚迪(sz002594)的日线数据...
2025-06-06 08:20:49,539 - INFO - 正在获取比亚迪(sz002594)的MACD指标...
2025-06-06 08:20:49,628 - WARNING - 获取sz002594的MACD指标失败，将使用基本数据：请指定正确的接口名
2025-06-06 08:20:51,633 - INFO - [13/86] 开始更新：长江电力(sh600900)
2025-06-06 08:20:51,633 - INFO - 正在获取长江电力(sh600900)的日线数据...
2025-06-06 08:20:51,810 - INFO - 正在获取长江电力(sh600900)的MACD指标...
2025-06-06 08:20:51,902 - WARNING - 获取sh600900的MACD指标失败，将使用基本数据：请指定正确的接口名
2025-06-06 08:20:53,907 - INFO - [14/86] 开始更新：美的集团(sz000333)
2025-06-06 08:20:53,907 - INFO - 正在获取美的集团(sz000333)的日线数据...
2025-06-06 08:20:54,042 - INFO - 正在获取美的集团(sz000333)的MACD指标...
2025-06-06 08:20:54,136 - WARNING - 获取sz000333的MACD指标失败，将使用基本数据：请指定正确的接口名
2025-06-06 08:20:56,142 - INFO - [15/86] 开始更新：中国神华(sh601088)
2025-06-06 08:20:56,142 - INFO - 正在获取中国神华(sh601088)的日线数据...
2025-06-06 08:20:56,289 - INFO - 正在获取中国神华(sh601088)的MACD指标...
2025-06-06 08:20:56,377 - WARNING - 获取sh601088的MACD指标失败，将使用基本数据：请指定正确的接口名
2025-06-06 08:20:58,382 - INFO - [16/86] 开始更新：兴业银行(sh601166)
2025-06-06 08:20:58,382 - INFO - 正在获取兴业银行(sh601166)的日线数据...
2025-06-06 08:20:58,516 - INFO - 正在获取兴业银行(sh601166)的MACD指标...
2025-06-06 08:20:58,598 - WARNING - 获取sh601166的MACD指标失败，将使用基本数据：请指定正确的接口名
2025-06-06 08:21:00,603 - INFO - [17/86] 开始更新：恒瑞医药(sh600276)
2025-06-06 08:21:00,604 - INFO - 正在获取恒瑞医药(sh600276)的日线数据...
2025-06-06 08:21:00,825 - INFO - 正在获取恒瑞医药(sh600276)的MACD指标...
2025-06-06 08:21:00,906 - WARNING - 获取sh600276的MACD指标失败，将使用基本数据：请指定正确的接口名
2025-06-06 08:21:02,911 - INFO - [18/86] 开始更新：伊利股份(sh600887)
2025-06-06 08:21:02,911 - INFO - 正在获取伊利股份(sh600887)的日线数据...
2025-06-06 08:21:03,034 - INFO - 正在获取伊利股份(sh600887)的MACD指标...
2025-06-06 08:21:03,119 - WARNING - 获取sh600887的MACD指标失败，将使用基本数据：请指定正确的接口名
2025-06-06 08:21:05,124 - INFO - [19/86] 开始更新：中信证券(sh600030)
2025-06-06 08:21:05,124 - INFO - 正在获取中信证券(sh600030)的日线数据...
2025-06-06 08:21:05,279 - INFO - 正在获取中信证券(sh600030)的MACD指标...
2025-06-06 08:21:05,384 - WARNING - 获取sh600030的MACD指标失败，将使用基本数据：请指定正确的接口名
2025-06-06 08:21:07,389 - INFO - [20/86] 开始更新：东方财富(sz300059)
2025-06-06 08:21:07,390 - INFO - 正在获取东方财富(sz300059)的日线数据...
2025-06-06 08:21:07,527 - INFO - 正在获取东方财富(sz300059)的MACD指标...
2025-06-06 08:21:07,668 - WARNING - 获取sz300059的MACD指标失败，将使用基本数据：请指定正确的接口名
2025-06-06 08:21:09,673 - INFO - [21/86] 开始更新：药明康德(sh603259)
2025-06-06 08:21:09,673 - INFO - 正在获取药明康德(sh603259)的日线数据...
2025-06-06 08:21:09,820 - INFO - 正在获取药明康德(sh603259)的MACD指标...
2025-06-06 08:21:09,892 - WARNING - 获取sh603259的MACD指标失败，将使用基本数据：请指定正确的接口名
2025-06-06 08:21:11,898 - INFO - [22/86] 开始更新：海天味业(sh603288)
2025-06-06 08:21:11,898 - INFO - 正在获取海天味业(sh603288)的日线数据...
2025-06-06 08:21:12,003 - INFO - 正在获取海天味业(sh603288)的MACD指标...
2025-06-06 08:21:12,081 - WARNING - 获取sh603288的MACD指标失败，将使用基本数据：请指定正确的接口名
2025-06-06 08:21:14,087 - INFO - [23/86] 开始更新：兆易创新(sh603986)
2025-06-06 08:21:14,087 - INFO - 正在获取兆易创新(sh603986)的日线数据...
2025-06-06 08:21:14,268 - INFO - 正在获取兆易创新(sh603986)的MACD指标...
2025-06-06 08:21:14,361 - WARNING - 获取sh603986的MACD指标失败，将使用基本数据：请指定正确的接口名
2025-06-06 08:21:16,366 - INFO - [24/86] 开始更新：立讯精密(sz002475)
2025-06-06 08:21:16,366 - INFO - 正在获取立讯精密(sz002475)的日线数据...
2025-06-06 08:21:16,583 - INFO - 正在获取立讯精密(sz002475)的MACD指标...
2025-06-06 08:21:16,681 - WARNING - 获取sz002475的MACD指标失败，将使用基本数据：请指定正确的接口名
2025-06-06 08:21:18,685 - INFO - [25/86] 开始更新：海康威视(sz002415)
2025-06-06 08:21:18,687 - INFO - 正在获取海康威视(sz002415)的日线数据...
2025-06-06 08:21:18,867 - INFO - 正在获取海康威视(sz002415)的MACD指标...
2025-06-06 08:21:18,971 - WARNING - 获取sz002415的MACD指标失败，将使用基本数据：请指定正确的接口名
2025-06-06 08:21:20,976 - INFO - [26/86] 开始更新：格力电器(sz000651)
2025-06-06 08:21:20,976 - INFO - 正在获取格力电器(sz000651)的日线数据...
2025-06-06 08:21:21,078 - INFO - 正在获取格力电器(sz000651)的MACD指标...
2025-06-06 08:21:21,195 - WARNING - 获取sz000651的MACD指标失败，将使用基本数据：请指定正确的接口名
2025-06-06 08:21:23,203 - INFO - [27/86] 开始更新：泸州老窖(sz000568)
2025-06-06 08:21:23,204 - INFO - 正在获取泸州老窖(sz000568)的日线数据...
2025-06-06 08:21:23,659 - INFO - 正在获取泸州老窖(sz000568)的MACD指标...
2025-06-06 08:21:23,770 - WARNING - 获取sz000568的MACD指标失败，将使用基本数据：请指定正确的接口名
2025-06-06 08:21:25,775 - INFO - [28/86] 开始更新：平安银行(sz000001)
2025-06-06 08:21:25,775 - INFO - 正在获取平安银行(sz000001)的日线数据...
2025-06-06 08:21:25,958 - INFO - 正在获取平安银行(sz000001)的MACD指标...
2025-06-06 08:21:26,040 - WARNING - 获取sz000001的MACD指标失败，将使用基本数据：请指定正确的接口名
2025-06-06 08:21:28,045 - INFO - [29/86] 开始更新：迈瑞医疗(sz300760)
2025-06-06 08:21:28,045 - INFO - 正在获取迈瑞医疗(sz300760)的日线数据...
2025-06-06 08:21:28,182 - INFO - 正在获取迈瑞医疗(sz300760)的MACD指标...
2025-06-06 08:21:28,265 - WARNING - 获取sz300760的MACD指标失败，将使用基本数据：请指定正确的接口名
2025-06-06 08:21:30,270 - INFO - [30/86] 开始更新：片仔癀(sh600436)
2025-06-06 08:21:30,271 - INFO - 正在获取片仔癀(sh600436)的日线数据...
2025-06-06 08:21:30,449 - INFO - 正在获取片仔癀(sh600436)的MACD指标...
2025-06-06 08:21:30,553 - WARNING - 获取sh600436的MACD指标失败，将使用基本数据：请指定正确的接口名
2025-06-06 08:21:32,558 - INFO - [31/86] 开始更新：顺丰控股(sz002352)
2025-06-06 08:21:32,558 - INFO - 正在获取顺丰控股(sz002352)的日线数据...
2025-06-06 08:21:32,699 - INFO - 正在获取顺丰控股(sz002352)的MACD指标...
2025-06-06 08:21:32,783 - WARNING - 获取sz002352的MACD指标失败，将使用基本数据：请指定正确的接口名
2025-06-06 08:21:34,788 - INFO - [32/86] 开始更新：京东方A(sz000725)
2025-06-06 08:21:34,789 - INFO - 正在获取京东方A(sz000725)的日线数据...
2025-06-06 08:21:35,099 - INFO - 正在获取京东方A(sz000725)的MACD指标...
2025-06-06 08:21:35,196 - WARNING - 获取sz000725的MACD指标失败，将使用基本数据：请指定正确的接口名
2025-06-06 08:21:37,201 - INFO - [33/86] 开始更新：韦尔股份(sh603501)
2025-06-06 08:21:37,201 - INFO - 正在获取韦尔股份(sh603501)的日线数据...
2025-06-06 08:21:37,338 - INFO - 正在获取韦尔股份(sh603501)的MACD指标...
2025-06-06 08:21:37,418 - WARNING - 获取sh603501的MACD指标失败，将使用基本数据：请指定正确的接口名
2025-06-06 08:21:39,423 - INFO - [34/86] 开始更新：国电南瑞(sh600406)
2025-06-06 08:21:39,423 - INFO - 正在获取国电南瑞(sh600406)的日线数据...
2025-06-06 08:21:39,613 - INFO - 正在获取国电南瑞(sh600406)的MACD指标...
2025-06-06 08:21:39,717 - WARNING - 获取sh600406的MACD指标失败，将使用基本数据：请指定正确的接口名
2025-06-06 08:21:41,722 - INFO - [35/86] 开始更新：三花智控(sz002050)
2025-06-06 08:21:41,722 - INFO - 正在获取三花智控(sz002050)的日线数据...
2025-06-06 08:21:41,862 - INFO - 正在获取三花智控(sz002050)的MACD指标...
2025-06-06 08:21:41,941 - WARNING - 获取sz002050的MACD指标失败，将使用基本数据：请指定正确的接口名
2025-06-06 08:21:43,950 - INFO - [36/86] 开始更新：爱尔眼科(sz300015)
2025-06-06 08:21:43,950 - INFO - 正在获取爱尔眼科(sz300015)的日线数据...
2025-06-06 08:21:44,078 - INFO - 正在获取爱尔眼科(sz300015)的MACD指标...
2025-06-06 08:21:44,173 - WARNING - 获取sz300015的MACD指标失败，将使用基本数据：请指定正确的接口名
2025-06-06 08:21:46,178 - INFO - [37/86] 开始更新：通威股份(sh600438)
2025-06-06 08:21:46,178 - INFO - 正在获取通威股份(sh600438)的日线数据...
2025-06-06 08:21:46,331 - INFO - 正在获取通威股份(sh600438)的MACD指标...
2025-06-06 08:21:46,439 - WARNING - 获取sh600438的MACD指标失败，将使用基本数据：请指定正确的接口名
2025-06-06 08:21:48,444 - INFO - [38/86] 开始更新：万华化学(sh600309)
2025-06-06 08:21:48,445 - INFO - 正在获取万华化学(sh600309)的日线数据...
2025-06-06 08:21:48,598 - INFO - 正在获取万华化学(sh600309)的MACD指标...
2025-06-06 08:21:48,721 - WARNING - 获取sh600309的MACD指标失败，将使用基本数据：请指定正确的接口名
2025-06-06 08:21:50,726 - INFO - [39/86] 开始更新：中芯国际(sh688981)
2025-06-06 08:21:50,726 - INFO - 正在获取中芯国际(sh688981)的日线数据...
2025-06-06 08:21:50,883 - INFO - 正在获取中芯国际(sh688981)的MACD指标...
2025-06-06 08:21:50,953 - WARNING - 获取sh688981的MACD指标失败，将使用基本数据：请指定正确的接口名
2025-06-06 08:21:52,964 - INFO - [40/86] 开始更新：紫金矿业(sh601899)
2025-06-06 08:21:52,964 - INFO - 正在获取紫金矿业(sh601899)的日线数据...
2025-06-06 08:21:53,073 - INFO - 正在获取紫金矿业(sh601899)的MACD指标...
2025-06-06 08:21:53,144 - WARNING - 获取sh601899的MACD指标失败，将使用基本数据：请指定正确的接口名
2025-06-06 08:21:55,148 - INFO - [41/86] 开始更新：洋河股份(sz002304)
2025-06-06 08:21:55,149 - INFO - 正在获取洋河股份(sz002304)的日线数据...
2025-06-06 08:21:55,282 - INFO - 正在获取洋河股份(sz002304)的MACD指标...
2025-06-06 08:21:55,372 - WARNING - 获取sz002304的MACD指标失败，将使用基本数据：请指定正确的接口名
2025-06-06 08:21:57,377 - INFO - [42/86] 开始更新：山西汾酒(sh600809)
2025-06-06 08:21:57,377 - INFO - 正在获取山西汾酒(sh600809)的日线数据...
2025-06-06 08:21:57,524 - INFO - 正在获取山西汾酒(sh600809)的MACD指标...
2025-06-06 08:21:57,621 - WARNING - 获取sh600809的MACD指标失败，将使用基本数据：请指定正确的接口名
2025-06-06 08:21:59,626 - INFO - [43/86] 开始更新：海螺水泥(sh600585)
2025-06-06 08:21:59,626 - INFO - 正在获取海螺水泥(sh600585)的日线数据...
2025-06-06 08:21:59,765 - INFO - 正在获取海螺水泥(sh600585)的MACD指标...
2025-06-06 08:21:59,860 - WARNING - 获取sh600585的MACD指标失败，将使用基本数据：请指定正确的接口名
2025-06-06 08:22:01,865 - INFO - [44/86] 开始更新：中信建投(sh601066)
2025-06-06 08:22:01,865 - INFO - 正在获取中信建投(sh601066)的日线数据...
2025-06-06 08:22:01,974 - INFO - 正在获取中信建投(sh601066)的MACD指标...
2025-06-06 08:22:02,050 - WARNING - 获取sh601066的MACD指标失败，将使用基本数据：请指定正确的接口名
2025-06-06 08:22:04,057 - INFO - [45/86] 开始更新：海尔智家(sh600690)
2025-06-06 08:22:04,057 - INFO - 正在获取海尔智家(sh600690)的日线数据...
2025-06-06 08:22:04,236 - INFO - 正在获取海尔智家(sh600690)的MACD指标...
2025-06-06 08:22:04,350 - WARNING - 获取sh600690的MACD指标失败，将使用基本数据：请指定正确的接口名
2025-06-06 08:22:06,355 - INFO - [46/86] 开始更新：宝钢股份(sh600019)
2025-06-06 08:22:06,356 - INFO - 正在获取宝钢股份(sh600019)的日线数据...
2025-06-06 08:22:06,557 - INFO - 正在获取宝钢股份(sh600019)的MACD指标...
2025-06-06 08:22:06,656 - WARNING - 获取sh600019的MACD指标失败，将使用基本数据：请指定正确的接口名
2025-06-06 08:22:08,661 - INFO - [47/86] 开始更新：牧原股份(sz002714)
2025-06-06 08:22:08,661 - INFO - 正在获取牧原股份(sz002714)的日线数据...
2025-06-06 08:22:08,824 - INFO - 正在获取牧原股份(sz002714)的MACD指标...
2025-06-06 08:22:08,898 - WARNING - 获取sz002714的MACD指标失败，将使用基本数据：请指定正确的接口名
2025-06-06 08:22:10,904 - INFO - [48/86] 开始更新：歌尔股份(sz002241)
2025-06-06 08:22:10,906 - INFO - 正在获取歌尔股份(sz002241)的日线数据...
2025-06-06 08:22:11,006 - INFO - 正在获取歌尔股份(sz002241)的MACD指标...
2025-06-06 08:22:11,089 - WARNING - 获取sz002241的MACD指标失败，将使用基本数据：请指定正确的接口名
2025-06-06 08:22:13,094 - INFO - [49/86] 开始更新：华域汽车(sh600741)
2025-06-06 08:22:13,094 - INFO - 正在获取华域汽车(sh600741)的日线数据...
2025-06-06 08:22:13,212 - INFO - 正在获取华域汽车(sh600741)的MACD指标...
2025-06-06 08:22:13,305 - WARNING - 获取sh600741的MACD指标失败，将使用基本数据：请指定正确的接口名
2025-06-06 08:22:15,310 - INFO - [50/86] 开始更新：宁波银行(sz002142)
2025-06-06 08:22:15,310 - INFO - 正在获取宁波银行(sz002142)的日线数据...
2025-06-06 08:22:15,465 - INFO - 正在获取宁波银行(sz002142)的MACD指标...
2025-06-06 08:22:15,559 - WARNING - 获取sz002142的MACD指标失败，将使用基本数据：请指定正确的接口名
2025-06-06 08:22:17,564 - INFO - [51/86] 开始更新：中国太保(sh601601)
2025-06-06 08:22:17,565 - INFO - 正在获取中国太保(sh601601)的日线数据...
2025-06-06 08:22:17,735 - INFO - 正在获取中国太保(sh601601)的MACD指标...
2025-06-06 08:22:17,824 - WARNING - 获取sh601601的MACD指标失败，将使用基本数据：请指定正确的接口名
2025-06-06 08:22:19,829 - INFO - [52/86] 开始更新：上汽集团(sh600104)
2025-06-06 08:22:19,829 - INFO - 正在获取上汽集团(sh600104)的日线数据...
2025-06-06 08:22:19,990 - INFO - 正在获取上汽集团(sh600104)的MACD指标...
2025-06-06 08:22:20,064 - WARNING - 获取sh600104的MACD指标失败，将使用基本数据：请指定正确的接口名
2025-06-06 08:22:22,068 - INFO - [53/86] 开始更新：中信银行(sh601998)
2025-06-06 08:22:22,068 - INFO - 正在获取中信银行(sh601998)的日线数据...
2025-06-06 08:22:22,207 - INFO - 正在获取中信银行(sh601998)的MACD指标...
2025-06-06 08:22:22,300 - WARNING - 获取sh601998的MACD指标失败，将使用基本数据：请指定正确的接口名
2025-06-06 08:22:24,307 - INFO - [54/86] 开始更新：浦发银行(sh600000)
2025-06-06 08:22:24,308 - INFO - 正在获取浦发银行(sh600000)的日线数据...
2025-06-06 08:22:24,458 - INFO - 正在获取浦发银行(sh600000)的MACD指标...
2025-06-06 08:22:24,553 - WARNING - 获取sh600000的MACD指标失败，将使用基本数据：请指定正确的接口名
2025-06-06 08:22:26,558 - INFO - [55/86] 开始更新：华夏银行(sh600015)
2025-06-06 08:22:26,558 - INFO - 正在获取华夏银行(sh600015)的日线数据...
2025-06-06 08:22:26,715 - INFO - 正在获取华夏银行(sh600015)的MACD指标...
2025-06-06 08:22:26,776 - WARNING - 获取sh600015的MACD指标失败，将使用基本数据：请指定正确的接口名
2025-06-06 08:22:28,780 - INFO - [56/86] 开始更新：民生银行(sh600016)
2025-06-06 08:22:28,780 - INFO - 正在获取民生银行(sh600016)的日线数据...
2025-06-06 08:22:28,925 - INFO - 正在获取民生银行(sh600016)的MACD指标...
2025-06-06 08:22:28,990 - WARNING - 获取sh600016的MACD指标失败，将使用基本数据：请指定正确的接口名
2025-06-06 08:22:30,995 - INFO - [57/86] 开始更新：光大银行(sh601818)
2025-06-06 08:22:30,995 - INFO - 正在获取光大银行(sh601818)的日线数据...
2025-06-06 08:22:31,132 - INFO - 正在获取光大银行(sh601818)的MACD指标...
2025-06-06 08:22:31,235 - WARNING - 获取sh601818的MACD指标失败，将使用基本数据：请指定正确的接口名
2025-06-06 08:22:33,239 - INFO - [58/86] 开始更新：江苏银行(sh600919)
2025-06-06 08:22:33,239 - INFO - 正在获取江苏银行(sh600919)的日线数据...
2025-06-06 08:22:33,374 - INFO - 正在获取江苏银行(sh600919)的MACD指标...
2025-06-06 08:22:33,487 - WARNING - 获取sh600919的MACD指标失败，将使用基本数据：请指定正确的接口名
2025-06-06 08:22:35,491 - INFO - [59/86] 开始更新：南京银行(sh601009)
2025-06-06 08:22:35,491 - INFO - 正在获取南京银行(sh601009)的日线数据...
2025-06-06 08:22:35,626 - INFO - 正在获取南京银行(sh601009)的MACD指标...
2025-06-06 08:22:35,731 - WARNING - 获取sh601009的MACD指标失败，将使用基本数据：请指定正确的接口名
2025-06-06 08:22:37,737 - INFO - [60/86] 开始更新：杭州银行(sh600926)
2025-06-06 08:22:37,737 - INFO - 正在获取杭州银行(sh600926)的日线数据...
2025-06-06 08:22:37,870 - INFO - 正在获取杭州银行(sh600926)的MACD指标...
2025-06-06 08:22:37,939 - WARNING - 获取sh600926的MACD指标失败，将使用基本数据：请指定正确的接口名
2025-06-06 08:22:39,949 - INFO - [61/86] 开始更新：成都银行(sh601838)
2025-06-06 08:22:39,950 - INFO - 正在获取成都银行(sh601838)的日线数据...
2025-06-06 08:22:40,068 - INFO - 正在获取成都银行(sh601838)的MACD指标...
2025-06-06 08:22:40,151 - WARNING - 获取sh601838的MACD指标失败，将使用基本数据：请指定正确的接口名
2025-06-06 08:22:42,156 - INFO - [62/86] 开始更新：重庆银行(sh601963)
2025-06-06 08:22:42,157 - INFO - 正在获取重庆银行(sh601963)的日线数据...
2025-06-06 08:22:42,339 - INFO - 正在获取重庆银行(sh601963)的MACD指标...
2025-06-06 08:22:42,453 - WARNING - 获取sh601963的MACD指标失败，将使用基本数据：请指定正确的接口名
2025-06-06 08:22:44,457 - INFO - [63/86] 开始更新：上海银行(sh601229)
2025-06-06 08:22:44,457 - INFO - 正在获取上海银行(sh601229)的日线数据...
2025-06-06 08:22:44,600 - INFO - 正在获取上海银行(sh601229)的MACD指标...
2025-06-06 08:22:44,688 - WARNING - 获取sh601229的MACD指标失败，将使用基本数据：请指定正确的接口名
2025-06-06 08:22:46,692 - INFO - [64/86] 开始更新：贵阳银行(sh601997)
2025-06-06 08:22:46,694 - INFO - 正在获取贵阳银行(sh601997)的日线数据...
2025-06-06 08:22:46,875 - INFO - 正在获取贵阳银行(sh601997)的MACD指标...
2025-06-06 08:22:46,958 - WARNING - 获取sh601997的MACD指标失败，将使用基本数据：请指定正确的接口名
2025-06-06 08:22:48,962 - INFO - [65/86] 开始更新：长沙银行(sh601577)
2025-06-06 08:22:48,964 - INFO - 正在获取长沙银行(sh601577)的日线数据...
2025-06-06 08:22:49,092 - INFO - 正在获取长沙银行(sh601577)的MACD指标...
2025-06-06 08:22:49,183 - WARNING - 获取sh601577的MACD指标失败，将使用基本数据：请指定正确的接口名
2025-06-06 08:22:51,187 - INFO - [66/86] 开始更新：郑州银行(sz002936)
2025-06-06 08:22:51,188 - INFO - 正在获取郑州银行(sz002936)的日线数据...
2025-06-06 08:22:51,335 - INFO - 正在获取郑州银行(sz002936)的MACD指标...
2025-06-06 08:22:51,432 - WARNING - 获取sz002936的MACD指标失败，将使用基本数据：请指定正确的接口名
2025-06-06 08:22:53,440 - INFO - [67/86] 开始更新：青岛银行(sz002948)
2025-06-06 08:22:53,440 - INFO - 正在获取青岛银行(sz002948)的日线数据...
2025-06-06 08:22:53,587 - INFO - 正在获取青岛银行(sz002948)的MACD指标...
2025-06-06 08:22:53,674 - WARNING - 获取sz002948的MACD指标失败，将使用基本数据：请指定正确的接口名
2025-06-06 08:22:55,678 - INFO - [68/86] 开始更新：苏州银行(sz002966)
2025-06-06 08:22:55,679 - INFO - 正在获取苏州银行(sz002966)的日线数据...
2025-06-06 08:22:55,839 - INFO - 正在获取苏州银行(sz002966)的MACD指标...
2025-06-06 08:22:55,912 - WARNING - 获取sz002966的MACD指标失败，将使用基本数据：请指定正确的接口名
2025-06-06 08:22:57,918 - INFO - [69/86] 开始更新：西安银行(sh600928)
2025-06-06 08:22:57,918 - INFO - 正在获取西安银行(sh600928)的日线数据...
2025-06-06 08:22:58,038 - INFO - 正在获取西安银行(sh600928)的MACD指标...
2025-06-06 08:22:58,125 - WARNING - 获取sh600928的MACD指标失败，将使用基本数据：请指定正确的接口名
2025-06-06 08:23:00,130 - INFO - [70/86] 开始更新：厦门银行(sh601187)
2025-06-06 08:23:00,130 - INFO - 正在获取厦门银行(sh601187)的日线数据...
2025-06-06 08:23:00,298 - INFO - 正在获取厦门银行(sh601187)的MACD指标...
2025-06-06 08:23:00,392 - WARNING - 获取sh601187的MACD指标失败，将使用基本数据：请指定正确的接口名
2025-06-06 08:23:02,398 - INFO - [71/86] 开始更新：齐鲁银行(sh601665)
2025-06-06 08:23:02,399 - INFO - 正在获取齐鲁银行(sh601665)的日线数据...
2025-06-06 08:23:02,543 - INFO - 正在获取齐鲁银行(sh601665)的MACD指标...
2025-06-06 08:23:02,646 - WARNING - 获取sh601665的MACD指标失败，将使用基本数据：请指定正确的接口名
2025-06-06 08:23:04,651 - INFO - [72/86] 开始更新：瑞丰银行(sh601528)
2025-06-06 08:23:04,652 - INFO - 正在获取瑞丰银行(sh601528)的日线数据...
2025-06-06 08:23:04,829 - INFO - 正在获取瑞丰银行(sh601528)的MACD指标...
2025-06-06 08:23:04,910 - WARNING - 获取sh601528的MACD指标失败，将使用基本数据：请指定正确的接口名
2025-06-06 08:23:06,915 - INFO - [73/86] 开始更新：沪农商行(sh601825)
2025-06-06 08:23:06,915 - INFO - 正在获取沪农商行(sh601825)的日线数据...
2025-06-06 08:23:07,035 - INFO - 正在获取沪农商行(sh601825)的MACD指标...
2025-06-06 08:23:07,129 - WARNING - 获取sh601825的MACD指标失败，将使用基本数据：请指定正确的接口名
2025-06-06 08:23:09,134 - INFO - [74/86] 开始更新：渝农商行(sh601077)
2025-06-06 08:23:09,134 - INFO - 正在获取渝农商行(sh601077)的日线数据...
2025-06-06 08:23:09,267 - INFO - 正在获取渝农商行(sh601077)的MACD指标...
2025-06-06 08:23:09,421 - WARNING - 获取sh601077的MACD指标失败，将使用基本数据：请指定正确的接口名
2025-06-06 08:23:11,426 - INFO - [75/86] 开始更新：青农商行(sz002958)
2025-06-06 08:23:11,426 - INFO - 正在获取青农商行(sz002958)的日线数据...
2025-06-06 08:23:11,569 - INFO - 正在获取青农商行(sz002958)的MACD指标...
2025-06-06 08:23:11,660 - WARNING - 获取sz002958的MACD指标失败，将使用基本数据：请指定正确的接口名
2025-06-06 08:23:13,665 - INFO - [76/86] 开始更新：紫金银行(sh601860)
2025-06-06 08:23:13,665 - INFO - 正在获取紫金银行(sh601860)的日线数据...
2025-06-06 08:23:13,793 - INFO - 正在获取紫金银行(sh601860)的MACD指标...
2025-06-06 08:23:13,867 - WARNING - 获取sh601860的MACD指标失败，将使用基本数据：请指定正确的接口名
2025-06-06 08:23:15,872 - INFO - [77/86] 开始更新：无锡银行(sh600908)
2025-06-06 08:23:15,872 - INFO - 正在获取无锡银行(sh600908)的日线数据...
2025-06-06 08:23:16,025 - INFO - 正在获取无锡银行(sh600908)的MACD指标...
2025-06-06 08:23:16,099 - WARNING - 获取sh600908的MACD指标失败，将使用基本数据：请指定正确的接口名
2025-06-06 08:23:18,104 - INFO - [78/86] 开始更新：常熟银行(sh601128)
2025-06-06 08:23:18,104 - INFO - 正在获取常熟银行(sh601128)的日线数据...
2025-06-06 08:23:18,265 - INFO - 正在获取常熟银行(sh601128)的MACD指标...
2025-06-06 08:23:18,358 - WARNING - 获取sh601128的MACD指标失败，将使用基本数据：请指定正确的接口名
2025-06-06 08:23:20,364 - INFO - [79/86] 开始更新：张家港行(sz002839)
2025-06-06 08:23:20,364 - INFO - 正在获取张家港行(sz002839)的日线数据...
2025-06-06 08:23:20,483 - INFO - 正在获取张家港行(sz002839)的MACD指标...
2025-06-06 08:23:20,573 - WARNING - 获取sz002839的MACD指标失败，将使用基本数据：请指定正确的接口名
2025-06-06 08:23:22,578 - INFO - [80/86] 开始更新：苏农银行(sz002956)
2025-06-06 08:23:22,578 - INFO - 正在获取苏农银行(sz002956)的日线数据...
2025-06-06 08:23:22,734 - INFO - 正在获取苏农银行(sz002956)的MACD指标...
2025-06-06 08:23:22,820 - WARNING - 获取sz002956的MACD指标失败，将使用基本数据：请指定正确的接口名
2025-06-06 08:23:24,825 - INFO - [81/86] 开始更新：江阴银行(sz002807)
2025-06-06 08:23:24,825 - INFO - 正在获取江阴银行(sz002807)的日线数据...
2025-06-06 08:23:24,917 - INFO - 正在获取江阴银行(sz002807)的MACD指标...
2025-06-06 08:23:24,984 - WARNING - 获取sz002807的MACD指标失败，将使用基本数据：请指定正确的接口名
2025-06-06 08:23:26,989 - INFO - [82/86] 开始更新：浙商银行(sh601916)
2025-06-06 08:23:26,990 - INFO - 正在获取浙商银行(sh601916)的日线数据...
2025-06-06 08:23:27,199 - INFO - 正在获取浙商银行(sh601916)的MACD指标...
2025-06-06 08:23:27,298 - WARNING - 获取sh601916的MACD指标失败，将使用基本数据：请指定正确的接口名
2025-06-06 08:23:29,302 - INFO - [83/86] 开始更新：邮储银行(sh601658)
2025-06-06 08:23:29,302 - INFO - 正在获取邮储银行(sh601658)的日线数据...
2025-06-06 08:23:29,437 - INFO - 正在获取邮储银行(sh601658)的MACD指标...
2025-06-06 08:23:29,527 - WARNING - 获取sh601658的MACD指标失败，将使用基本数据：请指定正确的接口名
2025-06-06 08:23:31,534 - INFO - [84/86] 开始更新：交通银行(sh60)
2025-06-06 08:23:31,534 - INFO - 正在获取交通银行(sh60)的日线数据...
2025-06-06 08:23:31,638 - ERROR - Tushare未返回数据：sh60
2025-06-06 08:23:31,638 - ERROR - 获取交通银行(sh60)数据时发生错误:
Traceback (most recent call last):
  File "c:\Users\jimjiang\PycharmProjects\AphaDogTushare\src\data_fetcher.py", line 74, in fetch_tushare_history_data
    raise ValueError(error_msg)
ValueError: Tushare未返回数据：sh60

2025-06-06 08:23:33,639 - INFO - 正在获取交通银行(sh60)的日线数据...
2025-06-06 08:23:33,797 - ERROR - Tushare未返回数据：sh60
2025-06-06 08:23:33,797 - ERROR - 获取交通银行(sh60)数据时发生错误:
Traceback (most recent call last):
  File "c:\Users\jimjiang\PycharmProjects\AphaDogTushare\src\data_fetcher.py", line 74, in fetch_tushare_history_data
    raise ValueError(error_msg)
ValueError: Tushare未返回数据：sh60

2025-06-06 08:23:35,799 - INFO - 正在获取交通银行(sh60)的日线数据...
2025-06-06 08:23:35,924 - ERROR - Tushare未返回数据：sh60
2025-06-06 08:23:35,925 - ERROR - 获取交通银行(sh60)数据时发生错误:
Traceback (most recent call last):
  File "c:\Users\jimjiang\PycharmProjects\AphaDogTushare\src\data_fetcher.py", line 74, in fetch_tushare_history_data
    raise ValueError(error_msg)
ValueError: Tushare未返回数据：sh60

2025-06-06 08:23:39,926 - INFO - 正在获取交通银行(sh60)的日线数据...
2025-06-06 08:23:39,995 - ERROR - Tushare未返回数据：sh60
2025-06-06 08:23:39,995 - ERROR - 获取交通银行(sh60)数据时发生错误:
Traceback (most recent call last):
  File "c:\Users\jimjiang\PycharmProjects\AphaDogTushare\src\data_fetcher.py", line 74, in fetch_tushare_history_data
    raise ValueError(error_msg)
ValueError: Tushare未返回数据：sh60

2025-06-06 08:23:47,997 - INFO - 正在获取交通银行(sh60)的日线数据...
2025-06-06 08:23:48,082 - ERROR - Tushare未返回数据：sh60
2025-06-06 08:23:48,082 - ERROR - 获取交通银行(sh60)数据时发生错误:
Traceback (most recent call last):
  File "c:\Users\jimjiang\PycharmProjects\AphaDogTushare\src\data_fetcher.py", line 74, in fetch_tushare_history_data
    raise ValueError(error_msg)
ValueError: Tushare未返回数据：sh60

2025-06-06 08:23:48,091 - ERROR - 更新交通银行(sh60)数据失败: Traceback (most recent call last):
  File "c:\Users\jimjiang\PycharmProjects\AphaDogTushare\src\data_fetcher.py", line 120, in update_all_stock_data
    df = fetch_tushare_history_data(stock_info["name"], stock_info["code"], days=800)  # 改为Tushare接口
         ^^^^^^^^^^^^^^^^^^^^^^^^^^^^^^^^^^^^^^^^^^^^^^^^^^^^^^^^^^^^^^^^^^^^^^^^^^^^
  File "C:\Users\jimjiang\PycharmProjects\AphaDogTushare\venv\Lib\site-packages\tenacity\__init__.py", line 338, in wrapped_f
    return copy(f, *args, **kw)
           ^^^^^^^^^^^^^^^^^^^^
  File "C:\Users\jimjiang\PycharmProjects\AphaDogTushare\venv\Lib\site-packages\tenacity\__init__.py", line 477, in __call__
    do = self.iter(retry_state=retry_state)
         ^^^^^^^^^^^^^^^^^^^^^^^^^^^^^^^^^^
  File "C:\Users\jimjiang\PycharmProjects\AphaDogTushare\venv\Lib\site-packages\tenacity\__init__.py", line 378, in iter
    result = action(retry_state)
             ^^^^^^^^^^^^^^^^^^^
  File "C:\Users\jimjiang\PycharmProjects\AphaDogTushare\venv\Lib\site-packages\tenacity\__init__.py", line 420, in exc_check
    raise retry_exc.reraise()
          ^^^^^^^^^^^^^^^^^^^
  File "C:\Users\jimjiang\PycharmProjects\AphaDogTushare\venv\Lib\site-packages\tenacity\__init__.py", line 187, in reraise
    raise self.last_attempt.result()
          ^^^^^^^^^^^^^^^^^^^^^^^^^^
  File "C:\Users\jimjiang\AppData\Local\Programs\Python\Python312\Lib\concurrent\futures\_base.py", line 449, in result
    return self.__get_result()
           ^^^^^^^^^^^^^^^^^^^
  File "C:\Users\jimjiang\AppData\Local\Programs\Python\Python312\Lib\concurrent\futures\_base.py", line 401, in __get_result
    raise self._exception
  File "C:\Users\jimjiang\PycharmProjects\AphaDogTushare\venv\Lib\site-packages\tenacity\__init__.py", line 480, in __call__
    result = fn(*args, **kwargs)
             ^^^^^^^^^^^^^^^^^^^
  File "c:\Users\jimjiang\PycharmProjects\AphaDogTushare\src\data_fetcher.py", line 74, in fetch_tushare_history_data
    raise ValueError(error_msg)
ValueError: Tushare未返回数据：sh60

2025-06-06 08:23:50,093 - INFO - [85/86] 开始更新：建设银行(sh601939)
2025-06-06 08:23:50,093 - INFO - 正在获取建设银行(sh601939)的日线数据...
2025-06-06 08:23:50,238 - INFO - 正在获取建设银行(sh601939)的MACD指标...
2025-06-06 08:23:50,320 - WARNING - 获取sh601939的MACD指标失败，将使用基本数据：请指定正确的接口名
2025-06-06 08:23:52,329 - INFO - [86/86] 开始更新：广大银行(sh601818)
2025-06-06 08:23:52,329 - INFO - 正在获取广大银行(sh601818)的日线数据...
2025-06-06 08:23:52,454 - INFO - 正在获取广大银行(sh601818)的MACD指标...
2025-06-06 08:23:52,545 - WARNING - 获取sh601818的MACD指标失败，将使用基本数据：请指定正确的接口名
2025-06-06 08:27:02,483 - INFO - [1/85] 开始更新：贵州茅台(sh600519)
2025-06-06 08:27:02,483 - INFO - 正在获取贵州茅台(sh600519)的日线数据...
2025-06-06 08:27:03,061 - INFO - 正在获取贵州茅台(sh600519)的MACD指标...
2025-06-06 08:27:03,150 - WARNING - 获取sh600519的MACD指标失败，将使用基本数据：请指定正确的接口名
2025-06-06 08:27:05,158 - INFO - [2/85] 开始更新：工商银行(sh601398)
2025-06-06 08:27:05,159 - INFO - 正在获取工商银行(sh601398)的日线数据...
2025-06-06 08:27:05,301 - INFO - 正在获取工商银行(sh601398)的MACD指标...
2025-06-06 08:27:05,378 - WARNING - 获取sh601398的MACD指标失败，将使用基本数据：请指定正确的接口名
2025-06-06 08:27:07,383 - INFO - [3/85] 开始更新：宁德时代(sz300750)
2025-06-06 08:27:07,383 - INFO - 正在获取宁德时代(sz300750)的日线数据...
2025-06-06 08:27:07,522 - INFO - 正在获取宁德时代(sz300750)的MACD指标...
2025-06-06 08:27:07,609 - WARNING - 获取sz300750的MACD指标失败，将使用基本数据：请指定正确的接口名
2025-06-06 08:27:09,615 - INFO - [4/85] 开始更新：招商银行(sh600036)
2025-06-06 08:27:09,616 - INFO - 正在获取招商银行(sh600036)的日线数据...
2025-06-06 08:27:09,755 - INFO - 正在获取招商银行(sh600036)的MACD指标...
2025-06-06 08:27:09,822 - WARNING - 获取sh600036的MACD指标失败，将使用基本数据：请指定正确的接口名
2025-06-06 08:27:11,826 - INFO - [5/85] 开始更新：中国移动(sh600941)
2025-06-06 08:27:11,827 - INFO - 正在获取中国移动(sh600941)的日线数据...
2025-06-06 08:27:11,923 - INFO - 正在获取中国移动(sh600941)的MACD指标...
2025-06-06 08:27:11,994 - WARNING - 获取sh600941的MACD指标失败，将使用基本数据：请指定正确的接口名
2025-06-06 08:27:14,000 - INFO - [6/85] 开始更新：中国石油(sh601857)
2025-06-06 08:27:14,001 - INFO - 正在获取中国石油(sh601857)的日线数据...
2025-06-06 08:27:14,156 - INFO - 正在获取中国石油(sh601857)的MACD指标...
2025-06-06 08:27:14,259 - WARNING - 获取sh601857的MACD指标失败，将使用基本数据：请指定正确的接口名
2025-06-06 08:27:16,265 - INFO - [7/85] 开始更新：农业银行(sh601288)
2025-06-06 08:27:16,265 - INFO - 正在获取农业银行(sh601288)的日线数据...
2025-06-06 08:27:16,413 - INFO - 正在获取农业银行(sh601288)的MACD指标...
2025-06-06 08:27:16,509 - WARNING - 获取sh601288的MACD指标失败，将使用基本数据：请指定正确的接口名
2025-06-06 08:27:18,514 - INFO - [8/85] 开始更新：中国银行(sh601988)
2025-06-06 08:27:18,515 - INFO - 正在获取中国银行(sh601988)的日线数据...
2025-06-06 08:27:18,674 - INFO - 正在获取中国银行(sh601988)的MACD指标...
2025-06-06 08:27:18,772 - WARNING - 获取sh601988的MACD指标失败，将使用基本数据：请指定正确的接口名
2025-06-06 08:27:33,563 - INFO - [1/85] 开始更新：贵州茅台(sh600519)
2025-06-06 08:27:33,563 - INFO - 正在获取贵州茅台(sh600519)的日线数据...
2025-06-06 08:27:33,695 - INFO - 正在获取贵州茅台(sh600519)的MACD指标...
2025-06-06 08:27:33,791 - WARNING - 获取sh600519的MACD指标失败，将使用基本数据：请指定正确的接口名
2025-06-06 08:34:27,058 - INFO - [1/85] 开始更新：贵州茅台(sh600519)
2025-06-06 08:34:27,059 - INFO - 正在获取贵州茅台(sh600519)的日线数据...
2025-06-06 08:34:27,223 - INFO - 正在计算贵州茅台(sh600519)的MACD指标...
2025-06-06 08:34:27,226 - INFO - 成功计算贵州茅台(sh600519)的MACD指标
2025-06-06 08:34:29,232 - INFO - [2/85] 开始更新：工商银行(sh601398)
2025-06-06 08:34:29,233 - INFO - 正在获取工商银行(sh601398)的日线数据...
2025-06-06 08:34:29,429 - INFO - 正在计算工商银行(sh601398)的MACD指标...
2025-06-06 08:34:29,431 - INFO - 成功计算工商银行(sh601398)的MACD指标
2025-06-06 08:34:31,437 - INFO - [3/85] 开始更新：宁德时代(sz300750)
2025-06-06 08:34:31,437 - INFO - 正在获取宁德时代(sz300750)的日线数据...
2025-06-06 08:34:31,575 - INFO - 正在计算宁德时代(sz300750)的MACD指标...
2025-06-06 08:34:31,576 - INFO - 成功计算宁德时代(sz300750)的MACD指标
2025-06-06 08:34:33,583 - INFO - [4/85] 开始更新：招商银行(sh600036)
2025-06-06 08:34:33,584 - INFO - 正在获取招商银行(sh600036)的日线数据...
2025-06-06 08:34:33,734 - INFO - 正在计算招商银行(sh600036)的MACD指标...
2025-06-06 08:34:33,736 - INFO - 成功计算招商银行(sh600036)的MACD指标
2025-06-06 08:34:35,741 - INFO - [5/85] 开始更新：中国移动(sh600941)
2025-06-06 08:34:35,742 - INFO - 正在获取中国移动(sh600941)的日线数据...
2025-06-06 08:34:35,923 - INFO - 正在计算中国移动(sh600941)的MACD指标...
2025-06-06 08:34:35,931 - INFO - 成功计算中国移动(sh600941)的MACD指标
2025-06-06 08:34:37,936 - INFO - [6/85] 开始更新：中国石油(sh601857)
2025-06-06 08:34:37,937 - INFO - 正在获取中国石油(sh601857)的日线数据...
2025-06-06 08:34:38,156 - INFO - 正在计算中国石油(sh601857)的MACD指标...
2025-06-06 08:34:38,158 - INFO - 成功计算中国石油(sh601857)的MACD指标
2025-06-06 08:34:40,163 - INFO - [7/85] 开始更新：农业银行(sh601288)
2025-06-06 08:34:40,163 - INFO - 正在获取农业银行(sh601288)的日线数据...
2025-06-06 08:34:40,363 - INFO - 正在计算农业银行(sh601288)的MACD指标...
2025-06-06 08:34:40,365 - INFO - 成功计算农业银行(sh601288)的MACD指标
2025-06-06 08:34:42,370 - INFO - [8/85] 开始更新：中国银行(sh601988)
2025-06-06 08:34:42,371 - INFO - 正在获取中国银行(sh601988)的日线数据...
2025-06-06 08:34:42,548 - INFO - 正在计算中国银行(sh601988)的MACD指标...
2025-06-06 08:34:42,550 - INFO - 成功计算中国银行(sh601988)的MACD指标
2025-06-06 08:34:44,555 - INFO - [9/85] 开始更新：中国平安(sh601318)
2025-06-06 08:34:44,555 - INFO - 正在获取中国平安(sh601318)的日线数据...
2025-06-06 08:34:44,887 - INFO - 正在计算中国平安(sh601318)的MACD指标...
2025-06-06 08:34:44,889 - INFO - 成功计算中国平安(sh601318)的MACD指标
2025-06-06 08:34:46,895 - INFO - [10/85] 开始更新：五粮液(sz000858)
2025-06-06 08:34:46,896 - INFO - 正在获取五粮液(sz000858)的日线数据...
2025-06-06 08:34:47,660 - INFO - 正在计算五粮液(sz000858)的MACD指标...
2025-06-06 08:34:47,662 - INFO - 成功计算五粮液(sz000858)的MACD指标
2025-06-06 08:34:49,668 - INFO - [11/85] 开始更新：隆基绿能(sh601012)
2025-06-06 08:34:49,668 - INFO - 正在获取隆基绿能(sh601012)的日线数据...
2025-06-06 08:34:49,850 - INFO - 正在计算隆基绿能(sh601012)的MACD指标...
2025-06-06 08:34:49,852 - INFO - 成功计算隆基绿能(sh601012)的MACD指标
2025-06-06 08:34:51,858 - INFO - [12/85] 开始更新：比亚迪(sz002594)
2025-06-06 08:34:51,858 - INFO - 正在获取比亚迪(sz002594)的日线数据...
2025-06-06 08:34:51,977 - INFO - 正在计算比亚迪(sz002594)的MACD指标...
2025-06-06 08:34:51,978 - INFO - 成功计算比亚迪(sz002594)的MACD指标
2025-06-06 08:34:53,983 - INFO - [13/85] 开始更新：长江电力(sh600900)
2025-06-06 08:34:53,984 - INFO - 正在获取长江电力(sh600900)的日线数据...
2025-06-06 08:34:54,101 - INFO - 正在计算长江电力(sh600900)的MACD指标...
2025-06-06 08:34:54,102 - INFO - 成功计算长江电力(sh600900)的MACD指标
2025-06-06 08:34:56,108 - INFO - [14/85] 开始更新：美的集团(sz000333)
2025-06-06 08:34:56,108 - INFO - 正在获取美的集团(sz000333)的日线数据...
2025-06-06 08:34:56,420 - INFO - 正在计算美的集团(sz000333)的MACD指标...
2025-06-06 08:34:56,422 - INFO - 成功计算美的集团(sz000333)的MACD指标
2025-06-06 08:34:58,427 - INFO - [15/85] 开始更新：中国神华(sh601088)
2025-06-06 08:34:58,427 - INFO - 正在获取中国神华(sh601088)的日线数据...
2025-06-06 08:34:58,534 - INFO - 正在计算中国神华(sh601088)的MACD指标...
2025-06-06 08:34:58,535 - INFO - 成功计算中国神华(sh601088)的MACD指标
2025-06-06 08:35:00,542 - INFO - [16/85] 开始更新：兴业银行(sh601166)
2025-06-06 08:35:00,542 - INFO - 正在获取兴业银行(sh601166)的日线数据...
2025-06-06 08:35:00,910 - INFO - 正在计算兴业银行(sh601166)的MACD指标...
2025-06-06 08:35:00,912 - INFO - 成功计算兴业银行(sh601166)的MACD指标
2025-06-06 08:35:02,917 - INFO - [17/85] 开始更新：恒瑞医药(sh600276)
2025-06-06 08:35:02,917 - INFO - 正在获取恒瑞医药(sh600276)的日线数据...
2025-06-06 08:35:03,044 - INFO - 正在计算恒瑞医药(sh600276)的MACD指标...
2025-06-06 08:35:03,046 - INFO - 成功计算恒瑞医药(sh600276)的MACD指标
2025-06-06 08:35:05,052 - INFO - [18/85] 开始更新：伊利股份(sh600887)
2025-06-06 08:35:05,052 - INFO - 正在获取伊利股份(sh600887)的日线数据...
2025-06-06 08:35:05,222 - INFO - 正在计算伊利股份(sh600887)的MACD指标...
2025-06-06 08:35:05,224 - INFO - 成功计算伊利股份(sh600887)的MACD指标
2025-06-06 08:35:07,229 - INFO - [19/85] 开始更新：中信证券(sh600030)
2025-06-06 08:35:07,229 - INFO - 正在获取中信证券(sh600030)的日线数据...
2025-06-06 08:35:07,382 - INFO - 正在计算中信证券(sh600030)的MACD指标...
2025-06-06 08:35:07,383 - INFO - 成功计算中信证券(sh600030)的MACD指标
2025-06-06 08:35:09,389 - INFO - [20/85] 开始更新：东方财富(sz300059)
2025-06-06 08:35:09,390 - INFO - 正在获取东方财富(sz300059)的日线数据...
2025-06-06 08:35:09,522 - INFO - 正在计算东方财富(sz300059)的MACD指标...
2025-06-06 08:35:09,524 - INFO - 成功计算东方财富(sz300059)的MACD指标
2025-06-06 08:35:11,529 - INFO - [21/85] 开始更新：药明康德(sh603259)
2025-06-06 08:35:11,530 - INFO - 正在获取药明康德(sh603259)的日线数据...
2025-06-06 08:35:11,680 - INFO - 正在计算药明康德(sh603259)的MACD指标...
2025-06-06 08:35:11,681 - INFO - 成功计算药明康德(sh603259)的MACD指标
2025-06-06 08:35:13,687 - INFO - [22/85] 开始更新：海天味业(sh603288)
2025-06-06 08:35:13,688 - INFO - 正在获取海天味业(sh603288)的日线数据...
2025-06-06 08:35:13,831 - INFO - 正在计算海天味业(sh603288)的MACD指标...
2025-06-06 08:35:13,834 - INFO - 成功计算海天味业(sh603288)的MACD指标
2025-06-06 08:35:15,839 - INFO - [23/85] 开始更新：兆易创新(sh603986)
2025-06-06 08:35:15,840 - INFO - 正在获取兆易创新(sh603986)的日线数据...
2025-06-06 08:35:15,954 - INFO - 正在计算兆易创新(sh603986)的MACD指标...
2025-06-06 08:35:15,956 - INFO - 成功计算兆易创新(sh603986)的MACD指标
2025-06-06 08:35:17,961 - INFO - [24/85] 开始更新：立讯精密(sz002475)
2025-06-06 08:35:17,962 - INFO - 正在获取立讯精密(sz002475)的日线数据...
2025-06-06 08:35:18,090 - INFO - 正在计算立讯精密(sz002475)的MACD指标...
2025-06-06 08:35:18,092 - INFO - 成功计算立讯精密(sz002475)的MACD指标
2025-06-06 08:35:20,097 - INFO - [25/85] 开始更新：海康威视(sz002415)
2025-06-06 08:35:20,098 - INFO - 正在获取海康威视(sz002415)的日线数据...
2025-06-06 08:35:20,272 - INFO - 正在计算海康威视(sz002415)的MACD指标...
2025-06-06 08:35:20,273 - INFO - 成功计算海康威视(sz002415)的MACD指标
2025-06-06 08:35:22,279 - INFO - [26/85] 开始更新：格力电器(sz000651)
2025-06-06 08:35:22,279 - INFO - 正在获取格力电器(sz000651)的日线数据...
2025-06-06 08:35:22,459 - INFO - 正在计算格力电器(sz000651)的MACD指标...
2025-06-06 08:35:22,461 - INFO - 成功计算格力电器(sz000651)的MACD指标
2025-06-06 08:35:24,466 - INFO - [27/85] 开始更新：泸州老窖(sz000568)
2025-06-06 08:35:24,467 - INFO - 正在获取泸州老窖(sz000568)的日线数据...
2025-06-06 08:35:24,639 - INFO - 正在计算泸州老窖(sz000568)的MACD指标...
2025-06-06 08:35:24,641 - INFO - 成功计算泸州老窖(sz000568)的MACD指标
2025-06-06 08:35:26,647 - INFO - [28/85] 开始更新：平安银行(sz000001)
2025-06-06 08:35:26,647 - INFO - 正在获取平安银行(sz000001)的日线数据...
2025-06-06 08:35:26,761 - INFO - 正在计算平安银行(sz000001)的MACD指标...
2025-06-06 08:35:26,763 - INFO - 成功计算平安银行(sz000001)的MACD指标
2025-06-06 08:35:28,768 - INFO - [29/85] 开始更新：迈瑞医疗(sz300760)
2025-06-06 08:35:28,769 - INFO - 正在获取迈瑞医疗(sz300760)的日线数据...
2025-06-06 08:35:28,900 - INFO - 正在计算迈瑞医疗(sz300760)的MACD指标...
2025-06-06 08:35:28,902 - INFO - 成功计算迈瑞医疗(sz300760)的MACD指标
2025-06-06 08:35:30,907 - INFO - [30/85] 开始更新：片仔癀(sh600436)
2025-06-06 08:35:30,908 - INFO - 正在获取片仔癀(sh600436)的日线数据...
2025-06-06 08:35:31,081 - INFO - 正在计算片仔癀(sh600436)的MACD指标...
2025-06-06 08:35:31,083 - INFO - 成功计算片仔癀(sh600436)的MACD指标
2025-06-06 08:35:33,088 - INFO - [31/85] 开始更新：顺丰控股(sz002352)
2025-06-06 08:35:33,088 - INFO - 正在获取顺丰控股(sz002352)的日线数据...
2025-06-06 08:35:33,253 - INFO - 正在计算顺丰控股(sz002352)的MACD指标...
2025-06-06 08:35:33,255 - INFO - 成功计算顺丰控股(sz002352)的MACD指标
2025-06-06 08:35:35,260 - INFO - [32/85] 开始更新：京东方A(sz000725)
2025-06-06 08:35:35,260 - INFO - 正在获取京东方A(sz000725)的日线数据...
2025-06-06 08:35:35,401 - INFO - 正在计算京东方A(sz000725)的MACD指标...
2025-06-06 08:35:35,403 - INFO - 成功计算京东方A(sz000725)的MACD指标
2025-06-06 08:35:37,408 - INFO - [33/85] 开始更新：韦尔股份(sh603501)
2025-06-06 08:35:37,408 - INFO - 正在获取韦尔股份(sh603501)的日线数据...
2025-06-06 08:35:37,543 - INFO - 正在计算韦尔股份(sh603501)的MACD指标...
2025-06-06 08:35:37,546 - INFO - 成功计算韦尔股份(sh603501)的MACD指标
2025-06-06 08:35:39,551 - INFO - [34/85] 开始更新：国电南瑞(sh600406)
2025-06-06 08:35:39,552 - INFO - 正在获取国电南瑞(sh600406)的日线数据...
2025-06-06 08:35:39,710 - INFO - 正在计算国电南瑞(sh600406)的MACD指标...
2025-06-06 08:35:39,712 - INFO - 成功计算国电南瑞(sh600406)的MACD指标
2025-06-06 08:35:41,717 - INFO - [35/85] 开始更新：三花智控(sz002050)
2025-06-06 08:35:41,717 - INFO - 正在获取三花智控(sz002050)的日线数据...
2025-06-06 08:35:41,855 - INFO - 正在计算三花智控(sz002050)的MACD指标...
2025-06-06 08:35:41,857 - INFO - 成功计算三花智控(sz002050)的MACD指标
2025-06-06 08:35:43,862 - INFO - [36/85] 开始更新：爱尔眼科(sz300015)
2025-06-06 08:35:43,862 - INFO - 正在获取爱尔眼科(sz300015)的日线数据...
2025-06-06 08:35:44,044 - INFO - 正在计算爱尔眼科(sz300015)的MACD指标...
2025-06-06 08:35:44,046 - INFO - 成功计算爱尔眼科(sz300015)的MACD指标
2025-06-06 08:35:46,052 - INFO - [37/85] 开始更新：通威股份(sh600438)
2025-06-06 08:35:46,052 - INFO - 正在获取通威股份(sh600438)的日线数据...
2025-06-06 08:35:46,195 - INFO - 正在计算通威股份(sh600438)的MACD指标...
2025-06-06 08:35:46,197 - INFO - 成功计算通威股份(sh600438)的MACD指标
2025-06-06 08:35:48,203 - INFO - [38/85] 开始更新：万华化学(sh600309)
2025-06-06 08:35:48,203 - INFO - 正在获取万华化学(sh600309)的日线数据...
2025-06-06 08:35:48,352 - INFO - 正在计算万华化学(sh600309)的MACD指标...
2025-06-06 08:35:48,354 - INFO - 成功计算万华化学(sh600309)的MACD指标
2025-06-06 08:35:50,360 - INFO - [39/85] 开始更新：中芯国际(sh688981)
2025-06-06 08:35:50,360 - INFO - 正在获取中芯国际(sh688981)的日线数据...
2025-06-06 08:35:50,494 - INFO - 正在计算中芯国际(sh688981)的MACD指标...
2025-06-06 08:35:50,496 - INFO - 成功计算中芯国际(sh688981)的MACD指标
2025-06-06 08:35:52,502 - INFO - [40/85] 开始更新：紫金矿业(sh601899)
2025-06-06 08:35:52,503 - INFO - 正在获取紫金矿业(sh601899)的日线数据...
2025-06-06 08:35:52,668 - INFO - 正在计算紫金矿业(sh601899)的MACD指标...
2025-06-06 08:35:52,670 - INFO - 成功计算紫金矿业(sh601899)的MACD指标
2025-06-06 08:35:54,676 - INFO - [41/85] 开始更新：洋河股份(sz002304)
2025-06-06 08:35:54,676 - INFO - 正在获取洋河股份(sz002304)的日线数据...
2025-06-06 08:35:54,864 - INFO - 正在计算洋河股份(sz002304)的MACD指标...
2025-06-06 08:35:54,867 - INFO - 成功计算洋河股份(sz002304)的MACD指标
2025-06-06 08:35:56,873 - INFO - [42/85] 开始更新：山西汾酒(sh600809)
2025-06-06 08:35:56,874 - INFO - 正在获取山西汾酒(sh600809)的日线数据...
2025-06-06 08:35:57,011 - INFO - 正在计算山西汾酒(sh600809)的MACD指标...
2025-06-06 08:35:57,013 - INFO - 成功计算山西汾酒(sh600809)的MACD指标
2025-06-06 08:35:59,018 - INFO - [43/85] 开始更新：海螺水泥(sh600585)
2025-06-06 08:35:59,020 - INFO - 正在获取海螺水泥(sh600585)的日线数据...
2025-06-06 08:35:59,129 - INFO - 正在计算海螺水泥(sh600585)的MACD指标...
2025-06-06 08:35:59,132 - INFO - 成功计算海螺水泥(sh600585)的MACD指标
2025-06-06 08:36:01,137 - INFO - [44/85] 开始更新：中信建投(sh601066)
2025-06-06 08:36:01,137 - INFO - 正在获取中信建投(sh601066)的日线数据...
2025-06-06 08:36:01,571 - INFO - 正在计算中信建投(sh601066)的MACD指标...
2025-06-06 08:36:01,573 - INFO - 成功计算中信建投(sh601066)的MACD指标
2025-06-06 08:36:03,578 - INFO - [45/85] 开始更新：海尔智家(sh600690)
2025-06-06 08:36:03,579 - INFO - 正在获取海尔智家(sh600690)的日线数据...
2025-06-06 08:36:03,989 - INFO - 正在计算海尔智家(sh600690)的MACD指标...
2025-06-06 08:36:03,991 - INFO - 成功计算海尔智家(sh600690)的MACD指标
2025-06-06 08:36:05,997 - INFO - [46/85] 开始更新：宝钢股份(sh600019)
2025-06-06 08:36:05,997 - INFO - 正在获取宝钢股份(sh600019)的日线数据...
2025-06-06 08:36:06,280 - INFO - 正在计算宝钢股份(sh600019)的MACD指标...
2025-06-06 08:36:06,282 - INFO - 成功计算宝钢股份(sh600019)的MACD指标
2025-06-06 08:36:08,287 - INFO - [47/85] 开始更新：牧原股份(sz002714)
2025-06-06 08:36:08,287 - INFO - 正在获取牧原股份(sz002714)的日线数据...
2025-06-06 08:36:08,460 - INFO - 正在计算牧原股份(sz002714)的MACD指标...
2025-06-06 08:36:08,462 - INFO - 成功计算牧原股份(sz002714)的MACD指标
2025-06-06 08:36:10,467 - INFO - [48/85] 开始更新：歌尔股份(sz002241)
2025-06-06 08:36:10,467 - INFO - 正在获取歌尔股份(sz002241)的日线数据...
2025-06-06 08:36:10,620 - INFO - 正在计算歌尔股份(sz002241)的MACD指标...
2025-06-06 08:36:10,622 - INFO - 成功计算歌尔股份(sz002241)的MACD指标
2025-06-06 08:36:12,627 - INFO - [49/85] 开始更新：华域汽车(sh600741)
2025-06-06 08:36:12,628 - INFO - 正在获取华域汽车(sh600741)的日线数据...
2025-06-06 08:36:12,777 - INFO - 正在计算华域汽车(sh600741)的MACD指标...
2025-06-06 08:36:12,781 - INFO - 成功计算华域汽车(sh600741)的MACD指标
2025-06-06 08:36:14,788 - INFO - [50/85] 开始更新：宁波银行(sz002142)
2025-06-06 08:36:14,789 - INFO - 正在获取宁波银行(sz002142)的日线数据...
2025-06-06 08:36:14,888 - INFO - 正在计算宁波银行(sz002142)的MACD指标...
2025-06-06 08:36:14,890 - INFO - 成功计算宁波银行(sz002142)的MACD指标
2025-06-06 08:36:16,895 - INFO - [51/85] 开始更新：中国太保(sh601601)
2025-06-06 08:36:16,895 - INFO - 正在获取中国太保(sh601601)的日线数据...
2025-06-06 08:36:17,014 - INFO - 正在计算中国太保(sh601601)的MACD指标...
2025-06-06 08:36:17,016 - INFO - 成功计算中国太保(sh601601)的MACD指标
2025-06-06 08:36:19,020 - INFO - [52/85] 开始更新：上汽集团(sh600104)
2025-06-06 08:36:19,021 - INFO - 正在获取上汽集团(sh600104)的日线数据...
2025-06-06 08:36:19,164 - INFO - 正在计算上汽集团(sh600104)的MACD指标...
2025-06-06 08:36:19,165 - INFO - 成功计算上汽集团(sh600104)的MACD指标
2025-06-06 08:36:21,170 - INFO - [53/85] 开始更新：中信银行(sh601998)
2025-06-06 08:36:21,171 - INFO - 正在获取中信银行(sh601998)的日线数据...
2025-06-06 08:36:21,303 - INFO - 正在计算中信银行(sh601998)的MACD指标...
2025-06-06 08:36:21,306 - INFO - 成功计算中信银行(sh601998)的MACD指标
2025-06-06 08:36:23,313 - INFO - [54/85] 开始更新：浦发银行(sh600000)
2025-06-06 08:36:23,313 - INFO - 正在获取浦发银行(sh600000)的日线数据...
2025-06-06 08:36:23,448 - INFO - 正在计算浦发银行(sh600000)的MACD指标...
2025-06-06 08:36:23,450 - INFO - 成功计算浦发银行(sh600000)的MACD指标
2025-06-06 08:36:25,454 - INFO - [55/85] 开始更新：华夏银行(sh600015)
2025-06-06 08:36:25,454 - INFO - 正在获取华夏银行(sh600015)的日线数据...
2025-06-06 08:36:25,596 - INFO - 正在计算华夏银行(sh600015)的MACD指标...
2025-06-06 08:36:25,598 - INFO - 成功计算华夏银行(sh600015)的MACD指标
2025-06-06 08:36:27,604 - INFO - [56/85] 开始更新：民生银行(sh600016)
2025-06-06 08:36:27,604 - INFO - 正在获取民生银行(sh600016)的日线数据...
2025-06-06 08:36:27,755 - INFO - 正在计算民生银行(sh600016)的MACD指标...
2025-06-06 08:36:27,757 - INFO - 成功计算民生银行(sh600016)的MACD指标
2025-06-06 08:36:29,762 - INFO - [57/85] 开始更新：光大银行(sh601818)
2025-06-06 08:36:29,763 - INFO - 正在获取光大银行(sh601818)的日线数据...
2025-06-06 08:36:29,869 - INFO - 正在计算光大银行(sh601818)的MACD指标...
2025-06-06 08:36:29,872 - INFO - 成功计算光大银行(sh601818)的MACD指标
2025-06-06 08:36:31,878 - INFO - [58/85] 开始更新：江苏银行(sh600919)
2025-06-06 08:36:31,878 - INFO - 正在获取江苏银行(sh600919)的日线数据...
2025-06-06 08:36:31,985 - INFO - 正在计算江苏银行(sh600919)的MACD指标...
2025-06-06 08:36:31,986 - INFO - 成功计算江苏银行(sh600919)的MACD指标
2025-06-06 08:36:33,991 - INFO - [59/85] 开始更新：南京银行(sh601009)
2025-06-06 08:36:33,991 - INFO - 正在获取南京银行(sh601009)的日线数据...
2025-06-06 08:36:34,086 - INFO - 正在计算南京银行(sh601009)的MACD指标...
2025-06-06 08:36:34,088 - INFO - 成功计算南京银行(sh601009)的MACD指标
2025-06-06 08:36:36,093 - INFO - [60/85] 开始更新：杭州银行(sh600926)
2025-06-06 08:36:36,093 - INFO - 正在获取杭州银行(sh600926)的日线数据...
2025-06-06 08:36:36,234 - INFO - 正在计算杭州银行(sh600926)的MACD指标...
2025-06-06 08:36:36,236 - INFO - 成功计算杭州银行(sh600926)的MACD指标
2025-06-06 08:36:38,242 - INFO - [61/85] 开始更新：成都银行(sh601838)
2025-06-06 08:36:38,244 - INFO - 正在获取成都银行(sh601838)的日线数据...
2025-06-06 08:36:38,419 - INFO - 正在计算成都银行(sh601838)的MACD指标...
2025-06-06 08:36:38,421 - INFO - 成功计算成都银行(sh601838)的MACD指标
2025-06-06 08:36:40,427 - INFO - [62/85] 开始更新：重庆银行(sh601963)
2025-06-06 08:36:40,428 - INFO - 正在获取重庆银行(sh601963)的日线数据...
2025-06-06 08:36:40,563 - INFO - 正在计算重庆银行(sh601963)的MACD指标...
2025-06-06 08:36:40,565 - INFO - 成功计算重庆银行(sh601963)的MACD指标
2025-06-06 08:36:42,570 - INFO - [63/85] 开始更新：上海银行(sh601229)
2025-06-06 08:36:42,570 - INFO - 正在获取上海银行(sh601229)的日线数据...
2025-06-06 08:36:42,711 - INFO - 正在计算上海银行(sh601229)的MACD指标...
2025-06-06 08:36:42,713 - INFO - 成功计算上海银行(sh601229)的MACD指标
2025-06-06 08:36:44,719 - INFO - [64/85] 开始更新：贵阳银行(sh601997)
2025-06-06 08:36:44,719 - INFO - 正在获取贵阳银行(sh601997)的日线数据...
2025-06-06 08:36:44,846 - INFO - 正在计算贵阳银行(sh601997)的MACD指标...
2025-06-06 08:36:44,848 - INFO - 成功计算贵阳银行(sh601997)的MACD指标
2025-06-06 08:36:46,853 - INFO - [65/85] 开始更新：长沙银行(sh601577)
2025-06-06 08:36:46,853 - INFO - 正在获取长沙银行(sh601577)的日线数据...
2025-06-06 08:36:46,953 - INFO - 正在计算长沙银行(sh601577)的MACD指标...
2025-06-06 08:36:46,956 - INFO - 成功计算长沙银行(sh601577)的MACD指标
2025-06-06 08:36:48,963 - INFO - [66/85] 开始更新：郑州银行(sz002936)
2025-06-06 08:36:48,964 - INFO - 正在获取郑州银行(sz002936)的日线数据...
2025-06-06 08:36:49,126 - INFO - 正在计算郑州银行(sz002936)的MACD指标...
2025-06-06 08:36:49,128 - INFO - 成功计算郑州银行(sz002936)的MACD指标
2025-06-06 08:36:51,133 - INFO - [67/85] 开始更新：青岛银行(sz002948)
2025-06-06 08:36:51,133 - INFO - 正在获取青岛银行(sz002948)的日线数据...
2025-06-06 08:36:51,279 - INFO - 正在计算青岛银行(sz002948)的MACD指标...
2025-06-06 08:36:51,281 - INFO - 成功计算青岛银行(sz002948)的MACD指标
2025-06-06 08:36:53,287 - INFO - [68/85] 开始更新：苏州银行(sz002966)
2025-06-06 08:36:53,287 - INFO - 正在获取苏州银行(sz002966)的日线数据...
2025-06-06 08:36:53,437 - INFO - 正在计算苏州银行(sz002966)的MACD指标...
2025-06-06 08:36:53,439 - INFO - 成功计算苏州银行(sz002966)的MACD指标
2025-06-06 08:36:55,443 - INFO - [69/85] 开始更新：西安银行(sh600928)
2025-06-06 08:36:55,444 - INFO - 正在获取西安银行(sh600928)的日线数据...
2025-06-06 08:36:55,567 - INFO - 正在计算西安银行(sh600928)的MACD指标...
2025-06-06 08:36:55,569 - INFO - 成功计算西安银行(sh600928)的MACD指标
2025-06-06 08:36:57,575 - INFO - [70/85] 开始更新：厦门银行(sh601187)
2025-06-06 08:36:57,575 - INFO - 正在获取厦门银行(sh601187)的日线数据...
2025-06-06 08:36:57,701 - INFO - 正在计算厦门银行(sh601187)的MACD指标...
2025-06-06 08:36:57,703 - INFO - 成功计算厦门银行(sh601187)的MACD指标
2025-06-06 08:36:59,708 - INFO - [71/85] 开始更新：齐鲁银行(sh601665)
2025-06-06 08:36:59,708 - INFO - 正在获取齐鲁银行(sh601665)的日线数据...
2025-06-06 08:36:59,914 - INFO - 正在计算齐鲁银行(sh601665)的MACD指标...
2025-06-06 08:36:59,915 - INFO - 成功计算齐鲁银行(sh601665)的MACD指标
2025-06-06 08:37:01,921 - INFO - [72/85] 开始更新：瑞丰银行(sh601528)
2025-06-06 08:37:01,921 - INFO - 正在获取瑞丰银行(sh601528)的日线数据...
2025-06-06 08:37:02,044 - INFO - 正在计算瑞丰银行(sh601528)的MACD指标...
2025-06-06 08:37:02,046 - INFO - 成功计算瑞丰银行(sh601528)的MACD指标
2025-06-06 08:37:04,051 - INFO - [73/85] 开始更新：沪农商行(sh601825)
2025-06-06 08:37:04,051 - INFO - 正在获取沪农商行(sh601825)的日线数据...
2025-06-06 08:37:04,167 - INFO - 正在计算沪农商行(sh601825)的MACD指标...
2025-06-06 08:37:04,169 - INFO - 成功计算沪农商行(sh601825)的MACD指标
2025-06-06 08:37:06,174 - INFO - [74/85] 开始更新：渝农商行(sh601077)
2025-06-06 08:37:06,174 - INFO - 正在获取渝农商行(sh601077)的日线数据...
2025-06-06 08:37:06,326 - INFO - 正在计算渝农商行(sh601077)的MACD指标...
2025-06-06 08:37:06,328 - INFO - 成功计算渝农商行(sh601077)的MACD指标
2025-06-06 08:37:08,333 - INFO - [75/85] 开始更新：青农商行(sz002958)
2025-06-06 08:37:08,334 - INFO - 正在获取青农商行(sz002958)的日线数据...
2025-06-06 08:37:08,479 - INFO - 正在计算青农商行(sz002958)的MACD指标...
2025-06-06 08:37:08,481 - INFO - 成功计算青农商行(sz002958)的MACD指标
2025-06-06 08:37:10,487 - INFO - [76/85] 开始更新：紫金银行(sh601860)
2025-06-06 08:37:10,488 - INFO - 正在获取紫金银行(sh601860)的日线数据...
2025-06-06 08:37:10,674 - INFO - 正在计算紫金银行(sh601860)的MACD指标...
2025-06-06 08:37:10,678 - INFO - 成功计算紫金银行(sh601860)的MACD指标
2025-06-06 08:37:12,685 - INFO - [77/85] 开始更新：无锡银行(sh600908)
2025-06-06 08:37:12,685 - INFO - 正在获取无锡银行(sh600908)的日线数据...
2025-06-06 08:37:12,832 - INFO - 正在计算无锡银行(sh600908)的MACD指标...
2025-06-06 08:37:12,835 - INFO - 成功计算无锡银行(sh600908)的MACD指标
2025-06-06 08:37:14,840 - INFO - [78/85] 开始更新：常熟银行(sh601128)
2025-06-06 08:37:14,841 - INFO - 正在获取常熟银行(sh601128)的日线数据...
2025-06-06 08:37:14,971 - INFO - 正在计算常熟银行(sh601128)的MACD指标...
2025-06-06 08:37:14,973 - INFO - 成功计算常熟银行(sh601128)的MACD指标
2025-06-06 08:37:16,978 - INFO - [79/85] 开始更新：张家港行(sz002839)
2025-06-06 08:37:16,980 - INFO - 正在获取张家港行(sz002839)的日线数据...
2025-06-06 08:37:17,092 - INFO - 正在计算张家港行(sz002839)的MACD指标...
2025-06-06 08:37:17,094 - INFO - 成功计算张家港行(sz002839)的MACD指标
2025-06-06 08:37:19,100 - INFO - [80/85] 开始更新：苏农银行(sz002956)
2025-06-06 08:37:19,100 - INFO - 正在获取苏农银行(sz002956)的日线数据...
2025-06-06 08:37:19,253 - INFO - 正在计算苏农银行(sz002956)的MACD指标...
2025-06-06 08:37:19,255 - INFO - 成功计算苏农银行(sz002956)的MACD指标
2025-06-06 08:37:21,260 - INFO - [81/85] 开始更新：江阴银行(sz002807)
2025-06-06 08:37:21,260 - INFO - 正在获取江阴银行(sz002807)的日线数据...
2025-06-06 08:37:21,362 - INFO - 正在计算江阴银行(sz002807)的MACD指标...
2025-06-06 08:37:21,364 - INFO - 成功计算江阴银行(sz002807)的MACD指标
2025-06-06 08:37:23,370 - INFO - [82/85] 开始更新：浙商银行(sh601916)
2025-06-06 08:37:23,370 - INFO - 正在获取浙商银行(sh601916)的日线数据...
2025-06-06 08:37:23,506 - INFO - 正在计算浙商银行(sh601916)的MACD指标...
2025-06-06 08:37:23,508 - INFO - 成功计算浙商银行(sh601916)的MACD指标
2025-06-06 08:37:25,513 - INFO - [83/85] 开始更新：邮储银行(sh601658)
2025-06-06 08:37:25,513 - INFO - 正在获取邮储银行(sh601658)的日线数据...
2025-06-06 08:37:25,635 - INFO - 正在计算邮储银行(sh601658)的MACD指标...
2025-06-06 08:37:25,637 - INFO - 成功计算邮储银行(sh601658)的MACD指标
2025-06-06 08:37:27,643 - INFO - [84/85] 开始更新：交通银行(sh601328)
2025-06-06 08:37:27,644 - INFO - 正在获取交通银行(sh601328)的日线数据...
2025-06-06 08:37:27,781 - INFO - 正在计算交通银行(sh601328)的MACD指标...
2025-06-06 08:37:27,783 - INFO - 成功计算交通银行(sh601328)的MACD指标
2025-06-06 08:37:29,788 - INFO - [85/85] 开始更新：建设银行(sh601939)
2025-06-06 08:37:29,788 - INFO - 正在获取建设银行(sh601939)的日线数据...
2025-06-06 08:37:29,897 - INFO - 正在计算建设银行(sh601939)的MACD指标...
2025-06-06 08:37:29,899 - INFO - 成功计算建设银行(sh601939)的MACD指标
2025-06-06 08:37:52,986 - INFO - [1/85] 开始更新：贵州茅台(sh600519)
2025-06-06 08:37:52,986 - INFO - 正在获取贵州茅台(sh600519)的日线数据...
2025-06-06 08:37:53,146 - INFO - 正在计算贵州茅台(sh600519)的MACD指标...
2025-06-06 08:37:53,148 - INFO - 成功计算贵州茅台(sh600519)的MACD指标
2025-06-06 08:45:56,293 - INFO - [1/85] 开始更新：贵州茅台(sh600519)
2025-06-06 08:45:56,294 - INFO - 正在获取贵州茅台(sh600519)的日线数据...
2025-06-06 08:45:56,525 - INFO - 正在计算贵州茅台(sh600519)的MACD指标...
2025-06-06 08:45:56,527 - INFO - 成功计算贵州茅台(sh600519)的MACD指标
2025-06-06 08:49:08,041 - INFO - [1/85] 开始更新：贵州茅台(sh600519)
2025-06-06 08:49:08,041 - INFO - 正在获取贵州茅台(sh600519)的日线数据...
2025-06-06 08:49:08,214 - INFO - 正在计算贵州茅台(sh600519)的MACD指标...
2025-06-06 08:49:08,216 - INFO - 成功计算贵州茅台(sh600519)的MACD指标
2025-06-06 09:02:48,109 - INFO - [1/85] 开始更新：贵州茅台(sh600519)
2025-06-06 09:02:48,109 - INFO - 正在获取贵州茅台(sh600519)的日线数据...
2025-06-06 09:02:48,348 - INFO - 正在计算贵州茅台(sh600519)的MACD指标...
2025-06-06 09:02:48,350 - INFO - 成功计算贵州茅台(sh600519)的MACD指标
2025-06-06 09:10:06,287 - INFO - [1/36] 开始更新：贵州茅台(sh600519)
2025-06-06 09:10:06,288 - INFO - 正在获取贵州茅台(sh600519)的日线数据...
2025-06-06 09:10:06,437 - INFO - 正在计算贵州茅台(sh600519)的MACD指标...
2025-06-06 09:10:06,441 - INFO - 成功计算贵州茅台(sh600519)的MACD、RSI和KDJ指标
2025-06-06 09:10:08,451 - INFO - [2/36] 开始更新：工商银行(sh601398)
2025-06-06 09:10:08,451 - INFO - 正在获取工商银行(sh601398)的日线数据...
2025-06-06 09:10:08,589 - INFO - 正在计算工商银行(sh601398)的MACD指标...
2025-06-06 09:10:08,593 - INFO - 成功计算工商银行(sh601398)的MACD、RSI和KDJ指标
2025-06-06 09:10:10,600 - INFO - [3/36] 开始更新：宁德时代(sz300750)
2025-06-06 09:10:10,600 - INFO - 正在获取宁德时代(sz300750)的日线数据...
2025-06-06 09:10:10,736 - INFO - 正在计算宁德时代(sz300750)的MACD指标...
2025-06-06 09:10:10,741 - INFO - 成功计算宁德时代(sz300750)的MACD、RSI和KDJ指标
2025-06-06 09:10:12,749 - INFO - [4/36] 开始更新：招商银行(sh600036)
2025-06-06 09:10:12,749 - INFO - 正在获取招商银行(sh600036)的日线数据...
2025-06-06 09:10:12,856 - INFO - 正在计算招商银行(sh600036)的MACD指标...
2025-06-06 09:10:12,859 - INFO - 成功计算招商银行(sh600036)的MACD、RSI和KDJ指标
2025-06-06 09:10:14,867 - INFO - [5/36] 开始更新：中国移动(sh600941)
2025-06-06 09:10:14,867 - INFO - 正在获取中国移动(sh600941)的日线数据...
2025-06-06 09:10:15,095 - INFO - 正在计算中国移动(sh600941)的MACD指标...
2025-06-06 09:10:15,098 - INFO - 成功计算中国移动(sh600941)的MACD、RSI和KDJ指标
2025-06-06 09:10:17,106 - INFO - [6/36] 开始更新：中国石油(sh601857)
2025-06-06 09:10:17,107 - INFO - 正在获取中国石油(sh601857)的日线数据...
2025-06-06 09:10:17,234 - INFO - 正在计算中国石油(sh601857)的MACD指标...
2025-06-06 09:10:17,237 - INFO - 成功计算中国石油(sh601857)的MACD、RSI和KDJ指标
2025-06-06 09:10:19,244 - INFO - [7/36] 开始更新：农业银行(sh601288)
2025-06-06 09:10:19,244 - INFO - 正在获取农业银行(sh601288)的日线数据...
2025-06-06 09:10:19,539 - INFO - 正在计算农业银行(sh601288)的MACD指标...
2025-06-06 09:10:19,544 - INFO - 成功计算农业银行(sh601288)的MACD、RSI和KDJ指标
2025-06-06 09:10:21,552 - INFO - [8/36] 开始更新：中国银行(sh601988)
2025-06-06 09:10:21,552 - INFO - 正在获取中国银行(sh601988)的日线数据...
2025-06-06 09:10:21,680 - INFO - 正在计算中国银行(sh601988)的MACD指标...
2025-06-06 09:10:21,683 - INFO - 成功计算中国银行(sh601988)的MACD、RSI和KDJ指标
2025-06-06 09:10:23,690 - INFO - [9/36] 开始更新：中国平安(sh601318)
2025-06-06 09:10:23,690 - INFO - 正在获取中国平安(sh601318)的日线数据...
2025-06-06 09:10:23,846 - INFO - 正在计算中国平安(sh601318)的MACD指标...
2025-06-06 09:10:23,850 - INFO - 成功计算中国平安(sh601318)的MACD、RSI和KDJ指标
2025-06-06 09:10:25,857 - INFO - [10/36] 开始更新：五粮液(sz000858)
2025-06-06 09:10:25,857 - INFO - 正在获取五粮液(sz000858)的日线数据...
2025-06-06 09:10:25,966 - INFO - 正在计算五粮液(sz000858)的MACD指标...
2025-06-06 09:10:25,969 - INFO - 成功计算五粮液(sz000858)的MACD、RSI和KDJ指标
2025-06-06 09:10:27,976 - INFO - [11/36] 开始更新：隆基绿能(sh601012)
2025-06-06 09:10:27,977 - INFO - 正在获取隆基绿能(sh601012)的日线数据...
2025-06-06 09:10:28,161 - INFO - 正在计算隆基绿能(sh601012)的MACD指标...
2025-06-06 09:10:28,165 - INFO - 成功计算隆基绿能(sh601012)的MACD、RSI和KDJ指标
2025-06-06 09:10:30,175 - INFO - [12/36] 开始更新：比亚迪(sz002594)
2025-06-06 09:10:30,175 - INFO - 正在获取比亚迪(sz002594)的日线数据...
2025-06-06 09:10:30,322 - INFO - 正在计算比亚迪(sz002594)的MACD指标...
2025-06-06 09:10:30,326 - INFO - 成功计算比亚迪(sz002594)的MACD、RSI和KDJ指标
2025-06-06 09:10:32,333 - INFO - [13/36] 开始更新：长江电力(sh600900)
2025-06-06 09:10:32,335 - INFO - 正在获取长江电力(sh600900)的日线数据...
2025-06-06 09:10:32,485 - INFO - 正在计算长江电力(sh600900)的MACD指标...
2025-06-06 09:10:32,489 - INFO - 成功计算长江电力(sh600900)的MACD、RSI和KDJ指标
2025-06-06 09:10:34,496 - INFO - [14/36] 开始更新：美的集团(sz000333)
2025-06-06 09:10:34,496 - INFO - 正在获取美的集团(sz000333)的日线数据...
2025-06-06 09:10:34,709 - INFO - 正在计算美的集团(sz000333)的MACD指标...
2025-06-06 09:10:34,712 - INFO - 成功计算美的集团(sz000333)的MACD、RSI和KDJ指标
2025-06-06 09:10:36,719 - INFO - [15/36] 开始更新：中国神华(sh601088)
2025-06-06 09:10:36,722 - INFO - 正在获取中国神华(sh601088)的日线数据...
2025-06-06 09:10:36,892 - INFO - 正在计算中国神华(sh601088)的MACD指标...
2025-06-06 09:10:36,897 - INFO - 成功计算中国神华(sh601088)的MACD、RSI和KDJ指标
2025-06-06 09:10:38,903 - INFO - [16/36] 开始更新：兴业银行(sh601166)
2025-06-06 09:10:38,903 - INFO - 正在获取兴业银行(sh601166)的日线数据...
2025-06-06 09:10:39,013 - INFO - 正在计算兴业银行(sh601166)的MACD指标...
2025-06-06 09:10:39,017 - INFO - 成功计算兴业银行(sh601166)的MACD、RSI和KDJ指标
2025-06-06 09:10:41,024 - INFO - [17/36] 开始更新：恒瑞医药(sh600276)
2025-06-06 09:10:41,024 - INFO - 正在获取恒瑞医药(sh600276)的日线数据...
2025-06-06 09:10:41,145 - INFO - 正在计算恒瑞医药(sh600276)的MACD指标...
2025-06-06 09:10:41,147 - INFO - 成功计算恒瑞医药(sh600276)的MACD、RSI和KDJ指标
2025-06-06 09:10:43,154 - INFO - [18/36] 开始更新：伊利股份(sh600887)
2025-06-06 09:10:43,155 - INFO - 正在获取伊利股份(sh600887)的日线数据...
2025-06-06 09:10:43,296 - INFO - 正在计算伊利股份(sh600887)的MACD指标...
2025-06-06 09:10:43,301 - INFO - 成功计算伊利股份(sh600887)的MACD、RSI和KDJ指标
2025-06-06 09:10:45,308 - INFO - [19/36] 开始更新：中信证券(sh600030)
2025-06-06 09:10:45,308 - INFO - 正在获取中信证券(sh600030)的日线数据...
2025-06-06 09:10:45,457 - INFO - 正在计算中信证券(sh600030)的MACD指标...
2025-06-06 09:10:45,460 - INFO - 成功计算中信证券(sh600030)的MACD、RSI和KDJ指标
2025-06-06 09:10:47,470 - INFO - [20/36] 开始更新：东方财富(sz300059)
2025-06-06 09:10:47,470 - INFO - 正在获取东方财富(sz300059)的日线数据...
2025-06-06 09:10:47,653 - INFO - 正在计算东方财富(sz300059)的MACD指标...
2025-06-06 09:10:47,657 - INFO - 成功计算东方财富(sz300059)的MACD、RSI和KDJ指标
2025-06-06 09:10:49,664 - INFO - [21/36] 开始更新：药明康德(sh603259)
2025-06-06 09:10:49,664 - INFO - 正在获取药明康德(sh603259)的日线数据...
2025-06-06 09:10:49,795 - INFO - 正在计算药明康德(sh603259)的MACD指标...
2025-06-06 09:10:49,798 - INFO - 成功计算药明康德(sh603259)的MACD、RSI和KDJ指标
2025-06-06 09:10:51,805 - INFO - [22/36] 开始更新：海天味业(sh603288)
2025-06-06 09:10:51,806 - INFO - 正在获取海天味业(sh603288)的日线数据...
2025-06-06 09:10:51,911 - INFO - 正在计算海天味业(sh603288)的MACD指标...
2025-06-06 09:10:51,914 - INFO - 成功计算海天味业(sh603288)的MACD、RSI和KDJ指标
2025-06-06 09:10:53,922 - INFO - [23/36] 开始更新：兆易创新(sh603986)
2025-06-06 09:10:53,922 - INFO - 正在获取兆易创新(sh603986)的日线数据...
2025-06-06 09:10:54,025 - INFO - 正在计算兆易创新(sh603986)的MACD指标...
2025-06-06 09:10:54,029 - INFO - 成功计算兆易创新(sh603986)的MACD、RSI和KDJ指标
2025-06-06 09:10:56,036 - INFO - [24/36] 开始更新：立讯精密(sz002475)
2025-06-06 09:10:56,036 - INFO - 正在获取立讯精密(sz002475)的日线数据...
2025-06-06 09:10:56,181 - INFO - 正在计算立讯精密(sz002475)的MACD指标...
2025-06-06 09:10:56,185 - INFO - 成功计算立讯精密(sz002475)的MACD、RSI和KDJ指标
2025-06-06 09:10:58,192 - INFO - [25/36] 开始更新：海康威视(sz002415)
2025-06-06 09:10:58,192 - INFO - 正在获取海康威视(sz002415)的日线数据...
2025-06-06 09:10:58,325 - INFO - 正在计算海康威视(sz002415)的MACD指标...
2025-06-06 09:10:58,328 - INFO - 成功计算海康威视(sz002415)的MACD、RSI和KDJ指标
2025-06-06 09:11:00,336 - INFO - [26/36] 开始更新：格力电器(sz000651)
2025-06-06 09:11:00,337 - INFO - 正在获取格力电器(sz000651)的日线数据...
2025-06-06 09:11:00,504 - INFO - 正在计算格力电器(sz000651)的MACD指标...
2025-06-06 09:11:00,507 - INFO - 成功计算格力电器(sz000651)的MACD、RSI和KDJ指标
2025-06-06 09:11:02,514 - INFO - [27/36] 开始更新：泸州老窖(sz000568)
2025-06-06 09:11:02,514 - INFO - 正在获取泸州老窖(sz000568)的日线数据...
2025-06-06 09:11:02,657 - INFO - 正在计算泸州老窖(sz000568)的MACD指标...
2025-06-06 09:11:02,661 - INFO - 成功计算泸州老窖(sz000568)的MACD、RSI和KDJ指标
2025-06-06 09:11:04,669 - INFO - [28/36] 开始更新：平安银行(sz000001)
2025-06-06 09:11:04,669 - INFO - 正在获取平安银行(sz000001)的日线数据...
2025-06-06 09:11:04,810 - INFO - 正在计算平安银行(sz000001)的MACD指标...
2025-06-06 09:11:04,814 - INFO - 成功计算平安银行(sz000001)的MACD、RSI和KDJ指标
2025-06-06 09:11:06,821 - INFO - [29/36] 开始更新：迈瑞医疗(sz300760)
2025-06-06 09:11:06,821 - INFO - 正在获取迈瑞医疗(sz300760)的日线数据...
2025-06-06 09:11:06,974 - INFO - 正在计算迈瑞医疗(sz300760)的MACD指标...
2025-06-06 09:11:06,978 - INFO - 成功计算迈瑞医疗(sz300760)的MACD、RSI和KDJ指标
2025-06-06 09:11:08,985 - INFO - [30/36] 开始更新：片仔癀(sh600436)
2025-06-06 09:11:08,986 - INFO - 正在获取片仔癀(sh600436)的日线数据...
2025-06-06 09:11:09,108 - INFO - 正在计算片仔癀(sh600436)的MACD指标...
2025-06-06 09:11:09,112 - INFO - 成功计算片仔癀(sh600436)的MACD、RSI和KDJ指标
2025-06-06 09:11:11,120 - INFO - [31/36] 开始更新：顺丰控股(sz002352)
2025-06-06 09:11:11,121 - INFO - 正在获取顺丰控股(sz002352)的日线数据...
2025-06-06 09:11:11,262 - INFO - 正在计算顺丰控股(sz002352)的MACD指标...
2025-06-06 09:11:11,267 - INFO - 成功计算顺丰控股(sz002352)的MACD、RSI和KDJ指标
2025-06-06 09:11:13,276 - INFO - [32/36] 开始更新：京东方A(sz000725)
2025-06-06 09:11:13,278 - INFO - 正在获取京东方A(sz000725)的日线数据...
2025-06-06 09:11:13,411 - INFO - 正在计算京东方A(sz000725)的MACD指标...
2025-06-06 09:11:13,414 - INFO - 成功计算京东方A(sz000725)的MACD、RSI和KDJ指标
2025-06-06 09:11:15,421 - INFO - [33/36] 开始更新：韦尔股份(sh603501)
2025-06-06 09:11:15,421 - INFO - 正在获取韦尔股份(sh603501)的日线数据...
2025-06-06 09:11:15,575 - INFO - 正在计算韦尔股份(sh603501)的MACD指标...
2025-06-06 09:11:15,579 - INFO - 成功计算韦尔股份(sh603501)的MACD、RSI和KDJ指标
2025-06-06 09:11:17,586 - INFO - [34/36] 开始更新：国电南瑞(sh600406)
2025-06-06 09:11:17,586 - INFO - 正在获取国电南瑞(sh600406)的日线数据...
2025-06-06 09:11:17,774 - INFO - 正在计算国电南瑞(sh600406)的MACD指标...
2025-06-06 09:11:17,777 - INFO - 成功计算国电南瑞(sh600406)的MACD、RSI和KDJ指标
2025-06-06 09:11:19,784 - INFO - [35/36] 开始更新：三花智控(sz002050)
2025-06-06 09:11:19,786 - INFO - 正在获取三花智控(sz002050)的日线数据...
2025-06-06 09:11:19,997 - INFO - 正在计算三花智控(sz002050)的MACD指标...
2025-06-06 09:11:20,001 - INFO - 成功计算三花智控(sz002050)的MACD、RSI和KDJ指标
2025-06-06 09:11:22,009 - INFO - [36/36] 开始更新：爱尔眼科(sz300015)
2025-06-06 09:11:22,009 - INFO - 正在获取爱尔眼科(sz300015)的日线数据...
2025-06-06 09:11:22,210 - INFO - 正在计算爱尔眼科(sz300015)的MACD指标...
2025-06-06 09:11:22,214 - INFO - 成功计算爱尔眼科(sz300015)的MACD、RSI和KDJ指标
2025-06-06 09:12:15,618 - INFO - [1/36] 开始更新：贵州茅台(sh600519)
2025-06-06 09:12:15,619 - INFO - 正在获取贵州茅台(sh600519)的日线数据...
2025-06-06 09:12:15,817 - INFO - 正在计算贵州茅台(sh600519)的MACD指标...
2025-06-06 09:12:15,821 - INFO - 成功计算贵州茅台(sh600519)的MACD、RSI和KDJ指标
